<html>
<head>
<title>TestNG:  Test</title>
<link href="../testng.css" rel="stylesheet" type="text/css" />
<link href="../my-testng.css" rel="stylesheet" type="text/css" />

<style type="text/css">
.log { display: none;} 
.stack-trace { display: none;} 
</style>
<script type="text/javascript">
<!--
function flip(e) {
  current = e.style.display;
  if (current == 'block') {
    e.style.display = 'none';
    return 0;
  }
  else {
    e.style.display = 'block';
    return 1;
  }
}

function toggleBox(szDivId, elem, msg1, msg2)
{
  var res = -1;  if (document.getElementById) {
    res = flip(document.getElementById(szDivId));
  }
  else if (document.all) {
    // this is the way old msie versions work
    res = flip(document.all[szDivId]);
  }
  if(elem) {
    if(res == 0) elem.innerHTML = msg1; else elem.innerHTML = msg2;
  }

}

function toggleAllBoxes() {
  if (document.getElementsByTagName) {
    d = document.getElementsByTagName('div');
    for (i = 0; i < d.length; i++) {
      if (d[i].className == 'log') {
        flip(d[i]);
      }
    }
  }
}

// -->
</script>

</head>
<body>
<h2 align='center'>Test</h2><table border='1' align="center">
<tr>
<td>Tests passed/Failed/Skipped:</td><td>4/1/0</td>
</tr><tr>
<td>Started on:</td><td>Sun Feb 16 10:22:05 IST 2025</td>
</tr>
<tr><td>Total time:</td><td>9 seconds (9837 ms)</td>
</tr><tr>
<td>Included groups:</td><td></td>
</tr><tr>
<td>Excluded groups:</td><td></td>
</tr>
</table><p/>
<small><i>(Hover the method name to see the test class name)</i></small><p/>
<table width='100%' border='1' class='invocation-failed'>
<tr><td colspan='4' align='center'><b>FAILED TESTS</b></td></tr>
<tr><td><b>Test method</b></td>
<td width="30%"><b>Exception</b></td>
<td width="10%"><b>Time (seconds)</b></td>
<td><b>Instance</b></td>
</tr>
<tr>
<td title='com.qa.testcases.TS001.TS001_TC004()'><b>TS001_TC004</b><br>Test class: com.qa.testcases.TS001<br>Test method: Verify that entering blank spaces on mandatory fields lead to validation error</td>
<td><div><pre>java.lang.AssertionError: The following asserts failed:
	expected [This is a required field.11] but found [This is a required field.]
	at com.qa.testcases.TS001.TS001_TC004(TS001.java:145)
	at java.base/java.util.ArrayList.forEach(ArrayList.java:1597)
... Removed 27 stack frames</pre></div><a href='#' onClick='toggleBox("stack-trace685219002", this, "Click to show all stack frames", "Click to hide stack frames")'>Click to show all stack frames</a>
<div class='stack-trace' id='stack-trace685219002'><pre>java.lang.AssertionError: The following asserts failed:
	expected [This is a required field.11] but found [This is a required field.]
	at org.testng.asserts.SoftAssert.assertAll(SoftAssert.java:47)
	at org.testng.asserts.SoftAssert.assertAll(SoftAssert.java:31)
	at com.qa.testcases.TS001.TS001_TC004(TS001.java:145)
	at java.base/jdk.internal.reflect.DirectMethodHandleAccessor.invoke(DirectMethodHandleAccessor.java:103)
	at java.base/java.lang.reflect.Method.invoke(Method.java:580)
	at org.testng.internal.MethodInvocationHelper.invokeMethod(MethodInvocationHelper.java:133)
	at org.testng.internal.TestInvoker.invokeMethod(TestInvoker.java:598)
	at org.testng.internal.TestInvoker.invokeTestMethod(TestInvoker.java:173)
	at org.testng.internal.MethodRunner.runInSequence(MethodRunner.java:46)
	at org.testng.internal.TestInvoker$MethodInvocationAgent.invoke(TestInvoker.java:824)
	at org.testng.internal.TestInvoker.invokeTestMethods(TestInvoker.java:146)
	at org.testng.internal.TestMethodWorker.invokeTestMethods(TestMethodWorker.java:146)
	at org.testng.internal.TestMethodWorker.run(TestMethodWorker.java:128)
	at java.base/java.util.ArrayList.forEach(ArrayList.java:1597)
	at org.testng.TestRunner.privateRun(TestRunner.java:794)
	at org.testng.TestRunner.run(TestRunner.java:596)
	at org.testng.SuiteRunner.runTest(SuiteRunner.java:377)
	at org.testng.SuiteRunner.runSequentially(SuiteRunner.java:371)
	at org.testng.SuiteRunner.privateRun(SuiteRunner.java:332)
	at org.testng.SuiteRunner.run(SuiteRunner.java:276)
	at org.testng.SuiteRunnerWorker.runSuite(SuiteRunnerWorker.java:53)
	at org.testng.SuiteRunnerWorker.run(SuiteRunnerWorker.java:96)
	at org.testng.TestNG.runSuitesSequentially(TestNG.java:1212)
	at org.testng.TestNG.runSuitesLocally(TestNG.java:1134)
	at org.testng.TestNG.runSuites(TestNG.java:1063)
	at org.testng.TestNG.run(TestNG.java:1031)
	at org.testng.remote.AbstractRemoteTestNG.run(AbstractRemoteTestNG.java:115)
	at org.testng.remote.RemoteTestNG.initAndRun(RemoteTestNG.java:293)
	at org.testng.remote.RemoteTestNG.main(RemoteTestNG.java:91)
</pre></div></td>
<td>2</td>
<td>com.qa.testcases.TS001@77888435</td></tr>
</table><p>
<table width='100%' border='1' class='invocation-passed'>
<tr><td colspan='4' align='center'><b>PASSED TESTS</b></td></tr>
<tr><td><b>Test method</b></td>
<td width="30%"><b>Exception</b></td>
<td width="10%"><b>Time (seconds)</b></td>
<td><b>Instance</b></td>
</tr>
<tr>
<td title='com.qa.testcases.TS001.TS001_TC003()'><b>TS001_TC003</b><br>Test class: com.qa.testcases.TS001<br>Test method: Verify that system generates a validation message when clicking on submit button without filling all the mandatory fields.</td>
<td></td>
<td>1</td>
<td>com.qa.testcases.TS001@77888435</td></tr>
<tr>
<td title='com.qa.testcases.TS001.TS001_TC002()'><b>TS001_TC002</b><br>Test class: com.qa.testcases.TS001<br>Test method: Verify presence of valid placeholder under "Password" label / Textbox.Minimum length of this field must be equal or greater than 8 symbols. Leading and trailing spaces will be ignored."</td>
<td></td>
<td>1</td>
<td>com.qa.testcases.TS001@77888435</td></tr>
<tr>
<td title='com.qa.testcases.TS001.TS001_TC001()'><b>TS001_TC001</b><br>Test class: com.qa.testcases.TS001<br>Test method: Verify that the Create an Account form contains below mentioned fields : -

Labels: -
"First Name"
"Last Name"
"Email"
"Password"
"Confirm Password"

Textboxes:-
"First Name" textbox
"Last Name" textbox
"Email" textbox
"Password" textbox
"Confirm Password" textbox

Buttons:-
"Create an account" button</td>
<td></td>
<td>3</td>
<td>com.qa.testcases.TS001@77888435</td></tr>
<tr>
<td title='com.qa.testcases.TS001.TS001_TC005()'><b>TS001_TC005</b><br>Test class: com.qa.testcases.TS001<br>Test method: Verify that the password is in encrypted form when entered</td>
<td></td>
<td>1</td>
<td>com.qa.testcases.TS001@77888435</td></tr>
</table><p>
</body>
</html>