<?xml version="1.0" encoding="UTF-8"?>
<!-- Generated by org.testng.reporters.JUnitXMLReporter -->
<testsuite ignored="4" hostname="AMIT_PC" failures="1" tests="1" name="Test(failed)" time="7.921" errors="0" timestamp="2025-02-14T21:44:59 IST">
  <testcase classname="com.qa.testcases.TS001" name="TS001_TC001" time="7.726">
    <failure type="java.lang.AssertionError" message="expected [Create An Account] but found [Create an Account]">
      <![CDATA[java.lang.AssertionError: expected [Create An Account] but found [Create an Account]
at com.qa.testcases.TS001.TS001_TC001(TS001.java:39)
at java.base/java.util.ArrayList.forEach(ArrayList.java:1597)
... Removed 31 stack frames]]>
    </failure>
  </testcase> <!-- TS001_TC001 -->
  <testcase classname="com.qa.testcases.TS001" name="TS001_TC005" time="0.0">
    <ignored/>
  </testcase> <!-- TS001_TC005 -->
  <testcase classname="com.qa.testcases.TS001" name="TS001_TC004" time="0.0">
    <ignored/>
  </testcase> <!-- TS001_TC004 -->
  <testcase classname="com.qa.testcases.TS001" name="TS001_TC003" time="0.0">
    <ignored/>
  </testcase> <!-- TS001_TC003 -->
  <testcase classname="com.qa.testcases.TS001" name="TS001_TC002" time="0.0">
    <ignored/>
  </testcase> <!-- TS001_TC002 -->
</testsuite> <!-- Test(failed) -->
