<?xml version="1.0" encoding="UTF-8"?>
<testng-results ignored="0" total="5" passed="4" failed="1" skipped="0">
  <reporter-output>
  </reporter-output>
  <suite started-at="2025-02-16T14:01:55 IST" name="Suite" finished-at="2025-02-16T14:02:07 IST" duration-ms="12063">
    <groups>
    </groups>
    <test started-at="2025-02-16T14:01:55 IST" name="Test" finished-at="2025-02-16T14:02:07 IST" duration-ms="12063">
      <class name="com.qa.testcases.TS001">
        <test-method is-config="true" signature="setup()[pri:0, instance:com.qa.testcases.TS001@48f2bd5b]" started-at="2025-02-16T14:01:49 IST" name="setup" finished-at="2025-02-16T14:01:55 IST" duration-ms="6330" status="PASS">
          <reporter-output>
          </reporter-output>
        </test-method> <!-- setup -->
        <test-method is-config="true" signature="MethodStartup(java.lang.reflect.Method,org.testng.ITestContext)[pri:0, instance:com.qa.testcases.TS001@48f2bd5b]" started-at="2025-02-16T14:01:55 IST" name="MethodStartup" finished-at="2025-02-16T14:01:55 IST" duration-ms="21" status="PASS">
          <params>
            <param index="0">
              <value>
                <![CDATA[public void com.qa.testcases.TS001.TS001_TC001()]]>
              </value>
            </param>
            <param index="1">
              <value>
                <![CDATA[org.testng.TestRunner@1729ec00]]>
              </value>
            </param>
          </params>
          <reporter-output>
          </reporter-output>
        </test-method> <!-- MethodStartup -->
        <test-method signature="TS001_TC001()[pri:0, instance:com.qa.testcases.TS001@48f2bd5b]" started-at="2025-02-16T14:01:55 IST" name="TS001_TC001" description="Verify that the Create an Account form contains below mentioned fields : -

Labels: -
&quot;First Name&quot;
&quot;Last Name&quot;
&quot;Email&quot;
&quot;Password&quot;
&quot;Confirm Password&quot;

Textboxes:-
&quot;First Name&quot; textbox
&quot;Last Name&quot; textbox
&quot;Email&quot; textbox
&quot;Password&quot; textbox
&quot;Confirm Password&quot; textbox

Buttons:-
&quot;Create an account&quot; button" finished-at="2025-02-16T14:01:59 IST" duration-ms="4027" status="PASS">
          <reporter-output>
          </reporter-output>
        </test-method> <!-- TS001_TC001 -->
        <test-method is-config="true" signature="MethodClosure(org.testng.ITestResult)[pri:0, instance:com.qa.testcases.TS001@48f2bd5b]" started-at="2025-02-16T14:01:59 IST" name="MethodClosure" finished-at="2025-02-16T14:01:59 IST" duration-ms="2" status="PASS">
          <params>
            <param index="0">
              <value>
                <![CDATA[[TestResult name=TS001_TC001 status=SUCCESS method=TS001.TS001_TC001()[pri:0, instance:com.qa.testcases.TS001@48f2bd5b] output={null}]]]>
              </value>
            </param>
          </params>
          <reporter-output>
          </reporter-output>
        </test-method> <!-- MethodClosure -->
        <test-method is-config="true" signature="MethodStartup(java.lang.reflect.Method,org.testng.ITestContext)[pri:0, instance:com.qa.testcases.TS001@48f2bd5b]" started-at="2025-02-16T14:01:59 IST" name="MethodStartup" finished-at="2025-02-16T14:01:59 IST" duration-ms="1" status="PASS">
          <params>
            <param index="0">
              <value>
                <![CDATA[public void com.qa.testcases.TS001.TS001_TC002()]]>
              </value>
            </param>
            <param index="1">
              <value>
                <![CDATA[org.testng.TestRunner@1729ec00]]>
              </value>
            </param>
          </params>
          <reporter-output>
          </reporter-output>
        </test-method> <!-- MethodStartup -->
        <test-method signature="TS001_TC002()[pri:0, instance:com.qa.testcases.TS001@48f2bd5b]" started-at="2025-02-16T14:01:59 IST" name="TS001_TC002" description="Verify presence of valid placeholder under &quot;Password&quot; label / Textbox.Minimum length of this field must be equal or greater than 8 symbols. Leading and trailing spaces will be ignored.&quot;" finished-at="2025-02-16T14:02:01 IST" duration-ms="1834" status="PASS">
          <reporter-output>
          </reporter-output>
        </test-method> <!-- TS001_TC002 -->
        <test-method is-config="true" signature="MethodClosure(org.testng.ITestResult)[pri:0, instance:com.qa.testcases.TS001@48f2bd5b]" started-at="2025-02-16T14:02:01 IST" name="MethodClosure" finished-at="2025-02-16T14:02:01 IST" duration-ms="1" status="PASS">
          <params>
            <param index="0">
              <value>
                <![CDATA[[TestResult name=TS001_TC002 status=SUCCESS method=TS001.TS001_TC002()[pri:0, instance:com.qa.testcases.TS001@48f2bd5b] output={null}]]]>
              </value>
            </param>
          </params>
          <reporter-output>
          </reporter-output>
        </test-method> <!-- MethodClosure -->
        <test-method is-config="true" signature="MethodStartup(java.lang.reflect.Method,org.testng.ITestContext)[pri:0, instance:com.qa.testcases.TS001@48f2bd5b]" started-at="2025-02-16T14:02:01 IST" name="MethodStartup" finished-at="2025-02-16T14:02:01 IST" duration-ms="1" status="PASS">
          <params>
            <param index="0">
              <value>
                <![CDATA[public void com.qa.testcases.TS001.TS001_TC003()]]>
              </value>
            </param>
            <param index="1">
              <value>
                <![CDATA[org.testng.TestRunner@1729ec00]]>
              </value>
            </param>
          </params>
          <reporter-output>
          </reporter-output>
        </test-method> <!-- MethodStartup -->
        <test-method signature="TS001_TC003()[pri:3, instance:com.qa.testcases.TS001@48f2bd5b]" started-at="2025-02-16T14:02:01 IST" name="TS001_TC003" description="Verify that system generates a validation message when clicking on submit button without filling all the mandatory fields." finished-at="2025-02-16T14:02:03 IST" duration-ms="1689" status="PASS">
          <reporter-output>
          </reporter-output>
        </test-method> <!-- TS001_TC003 -->
        <test-method is-config="true" signature="MethodClosure(org.testng.ITestResult)[pri:0, instance:com.qa.testcases.TS001@48f2bd5b]" started-at="2025-02-16T14:02:03 IST" name="MethodClosure" finished-at="2025-02-16T14:02:03 IST" duration-ms="1" status="PASS">
          <params>
            <param index="0">
              <value>
                <![CDATA[[TestResult name=TS001_TC003 status=SUCCESS method=TS001.TS001_TC003()[pri:3, instance:com.qa.testcases.TS001@48f2bd5b] output={null}]]]>
              </value>
            </param>
          </params>
          <reporter-output>
          </reporter-output>
        </test-method> <!-- MethodClosure -->
        <test-method is-config="true" signature="MethodStartup(java.lang.reflect.Method,org.testng.ITestContext)[pri:0, instance:com.qa.testcases.TS001@48f2bd5b]" started-at="2025-02-16T14:02:03 IST" name="MethodStartup" finished-at="2025-02-16T14:02:03 IST" duration-ms="1" status="PASS">
          <params>
            <param index="0">
              <value>
                <![CDATA[public void com.qa.testcases.TS001.TS001_TC004()]]>
              </value>
            </param>
            <param index="1">
              <value>
                <![CDATA[org.testng.TestRunner@1729ec00]]>
              </value>
            </param>
          </params>
          <reporter-output>
          </reporter-output>
        </test-method> <!-- MethodStartup -->
        <test-method signature="TS001_TC004()[pri:4, instance:com.qa.testcases.TS001@48f2bd5b]" started-at="2025-02-16T14:02:03 IST" name="TS001_TC004" description="Verify that entering blank spaces on mandatory fields lead to validation error" finished-at="2025-02-16T14:02:05 IST" duration-ms="2408" status="FAIL">
          <exception class="java.lang.AssertionError">
            <message>
              <![CDATA[The following asserts failed:
expected [This is a required field.11] but found [This is a required field.]]]>
            </message>
            <full-stacktrace>
              <![CDATA[java.lang.AssertionError: The following asserts failed:
expected [This is a required field.11] but found [This is a required field.]
at org.testng.asserts.SoftAssert.assertAll(SoftAssert.java:46)
at org.testng.asserts.SoftAssert.assertAll(SoftAssert.java:30)
at com.qa.testcases.TS001.TS001_TC004(TS001.java:145)
at java.base/jdk.internal.reflect.DirectMethodHandleAccessor.invoke(DirectMethodHandleAccessor.java:103)
at java.base/java.lang.reflect.Method.invoke(Method.java:580)
at org.testng.internal.invokers.MethodInvocationHelper.invokeMethod(MethodInvocationHelper.java:141)
at org.testng.internal.invokers.TestInvoker.invokeMethod(TestInvoker.java:686)
at org.testng.internal.invokers.TestInvoker.invokeTestMethod(TestInvoker.java:230)
at org.testng.internal.invokers.MethodRunner.runInSequence(MethodRunner.java:63)
at org.testng.internal.invokers.TestInvoker$MethodInvocationAgent.invoke(TestInvoker.java:992)
at org.testng.internal.invokers.TestInvoker.invokeTestMethods(TestInvoker.java:203)
at org.testng.internal.invokers.TestMethodWorker.invokeTestMethods(TestMethodWorker.java:154)
at org.testng.internal.invokers.TestMethodWorker.run(TestMethodWorker.java:134)
at java.base/java.util.ArrayList.forEach(ArrayList.java:1597)
at org.testng.TestRunner.privateRun(TestRunner.java:739)
at org.testng.TestRunner.run(TestRunner.java:614)
at org.testng.SuiteRunner.runTest(SuiteRunner.java:421)
at org.testng.SuiteRunner.runSequentially(SuiteRunner.java:413)
at org.testng.SuiteRunner.privateRun(SuiteRunner.java:373)
at org.testng.SuiteRunner.run(SuiteRunner.java:312)
at org.testng.SuiteRunnerWorker.runSuite(SuiteRunnerWorker.java:52)
at org.testng.SuiteRunnerWorker.run(SuiteRunnerWorker.java:95)
at org.testng.TestNG.runSuitesSequentially(TestNG.java:1274)
at org.testng.TestNG.runSuitesLocally(TestNG.java:1208)
at org.testng.TestNG.runSuites(TestNG.java:1112)
at org.testng.TestNG.run(TestNG.java:1079)
at org.apache.maven.surefire.testng.TestNGExecutor.run(TestNGExecutor.java:308)
at org.apache.maven.surefire.testng.TestNGXmlTestSuite.execute(TestNGXmlTestSuite.java:71)
at org.apache.maven.surefire.testng.TestNGProvider.invoke(TestNGProvider.java:113)
at org.apache.maven.surefire.booter.ForkedBooter.runSuitesInProcess(ForkedBooter.java:385)
at org.apache.maven.surefire.booter.ForkedBooter.execute(ForkedBooter.java:162)
at org.apache.maven.surefire.booter.ForkedBooter.run(ForkedBooter.java:507)
at org.apache.maven.surefire.booter.ForkedBooter.main(ForkedBooter.java:495)
]]>
            </full-stacktrace>
          </exception> <!-- java.lang.AssertionError -->
          <reporter-output>
          </reporter-output>
        </test-method> <!-- TS001_TC004 -->
        <test-method is-config="true" signature="MethodClosure(org.testng.ITestResult)[pri:0, instance:com.qa.testcases.TS001@48f2bd5b]" started-at="2025-02-16T14:02:05 IST" name="MethodClosure" finished-at="2025-02-16T14:02:06 IST" duration-ms="427" status="PASS">
          <params>
            <param index="0">
              <value>
                <![CDATA[[TestResult name=TS001_TC004 status=FAILURE method=TS001.TS001_TC004()[pri:4, instance:com.qa.testcases.TS001@48f2bd5b] output={null}]]]>
              </value>
            </param>
          </params>
          <reporter-output>
          </reporter-output>
        </test-method> <!-- MethodClosure -->
        <test-method is-config="true" signature="MethodStartup(java.lang.reflect.Method,org.testng.ITestContext)[pri:0, instance:com.qa.testcases.TS001@48f2bd5b]" started-at="2025-02-16T14:02:06 IST" name="MethodStartup" finished-at="2025-02-16T14:02:06 IST" duration-ms="1" status="PASS">
          <params>
            <param index="0">
              <value>
                <![CDATA[public void com.qa.testcases.TS001.TS001_TC005()]]>
              </value>
            </param>
            <param index="1">
              <value>
                <![CDATA[org.testng.TestRunner@1729ec00]]>
              </value>
            </param>
          </params>
          <reporter-output>
          </reporter-output>
        </test-method> <!-- MethodStartup -->
        <test-method signature="TS001_TC005()[pri:5, instance:com.qa.testcases.TS001@48f2bd5b]" started-at="2025-02-16T14:02:06 IST" name="TS001_TC005" description="Verify that the password is in encrypted form when entered" finished-at="2025-02-16T14:02:07 IST" duration-ms="1542" status="PASS">
          <reporter-output>
          </reporter-output>
        </test-method> <!-- TS001_TC005 -->
        <test-method is-config="true" signature="MethodClosure(org.testng.ITestResult)[pri:0, instance:com.qa.testcases.TS001@48f2bd5b]" started-at="2025-02-16T14:02:07 IST" name="MethodClosure" finished-at="2025-02-16T14:02:07 IST" duration-ms="2" status="PASS">
          <params>
            <param index="0">
              <value>
                <![CDATA[[TestResult name=TS001_TC005 status=SUCCESS method=TS001.TS001_TC005()[pri:5, instance:com.qa.testcases.TS001@48f2bd5b] output={null}]]]>
              </value>
            </param>
          </params>
          <reporter-output>
          </reporter-output>
        </test-method> <!-- MethodClosure -->
        <test-method is-config="true" signature="teardown()[pri:0, instance:com.qa.testcases.TS001@48f2bd5b]" started-at="2025-02-16T14:02:07 IST" name="teardown" finished-at="2025-02-16T14:02:09 IST" duration-ms="1533" status="PASS">
          <reporter-output>
          </reporter-output>
        </test-method> <!-- teardown -->
      </class> <!-- com.qa.testcases.TS001 -->
    </test> <!-- Test -->
  </suite> <!-- Suite -->
</testng-results>
