<?xml version="1.0" encoding="UTF-8"?>
<testng-results ignored="0" total="5" passed="4" failed="1" skipped="0">
  <reporter-output>
  </reporter-output>
  <suite started-at="2025-02-16T10:22:05 IST" name="Suite" finished-at="2025-02-16T10:22:15 IST" duration-ms="9837">
    <groups>
    </groups>
    <test started-at="2025-02-16T10:22:05 IST" name="Test" finished-at="2025-02-16T10:22:15 IST" duration-ms="9837">
      <class name="com.qa.testcases.TS001">
        <test-method is-config="true" signature="setup()[pri:0, instance:com.qa.testcases.TS001@77888435]" started-at="2025-02-16T10:22:02 IST" name="setup" finished-at="2025-02-16T10:22:05 IST" duration-ms="2928" status="PASS">
          <reporter-output>
          </reporter-output>
        </test-method> <!-- setup -->
        <test-method is-config="true" signature="MethodStartup(java.lang.reflect.Method,org.testng.ITestContext)[pri:0, instance:com.qa.testcases.TS001@77888435]" started-at="2025-02-16T10:22:05 IST" name="MethodStartup" finished-at="2025-02-16T10:22:05 IST" duration-ms="7" status="PASS">
          <params>
            <param index="0">
              <value>
                <![CDATA[public void com.qa.testcases.TS001.TS001_TC001()]]>
              </value>
            </param>
            <param index="1">
              <value>
                <![CDATA[org.testng.TestRunner@6629ad09]]>
              </value>
            </param>
          </params>
          <reporter-output>
          </reporter-output>
        </test-method> <!-- MethodStartup -->
        <test-method signature="TS001_TC001()[pri:0, instance:com.qa.testcases.TS001@77888435]" started-at="2025-02-16T10:22:05 IST" name="TS001_TC001" description="Verify that the Create an Account form contains below mentioned fields : -

Labels: -
&quot;First Name&quot;
&quot;Last Name&quot;
&quot;Email&quot;
&quot;Password&quot;
&quot;Confirm Password&quot;

Textboxes:-
&quot;First Name&quot; textbox
&quot;Last Name&quot; textbox
&quot;Email&quot; textbox
&quot;Password&quot; textbox
&quot;Confirm Password&quot; textbox

Buttons:-
&quot;Create an account&quot; button" finished-at="2025-02-16T10:22:08 IST" duration-ms="3460" status="PASS">
          <reporter-output>
          </reporter-output>
        </test-method> <!-- TS001_TC001 -->
        <test-method is-config="true" signature="MethodClosure(org.testng.ITestResult)[pri:0, instance:com.qa.testcases.TS001@77888435]" started-at="2025-02-16T10:22:08 IST" name="MethodClosure" finished-at="2025-02-16T10:22:08 IST" duration-ms="0" status="PASS">
          <params>
            <param index="0">
              <value>
                <![CDATA[[TestResult name=TS001_TC001 status=SUCCESS method=TS001.TS001_TC001()[pri:0, instance:com.qa.testcases.TS001@77888435] output={null}]]]>
              </value>
            </param>
          </params>
          <reporter-output>
          </reporter-output>
        </test-method> <!-- MethodClosure -->
        <test-method is-config="true" signature="MethodStartup(java.lang.reflect.Method,org.testng.ITestContext)[pri:0, instance:com.qa.testcases.TS001@77888435]" started-at="2025-02-16T10:22:08 IST" name="MethodStartup" finished-at="2025-02-16T10:22:08 IST" duration-ms="0" status="PASS">
          <params>
            <param index="0">
              <value>
                <![CDATA[public void com.qa.testcases.TS001.TS001_TC002()]]>
              </value>
            </param>
            <param index="1">
              <value>
                <![CDATA[org.testng.TestRunner@6629ad09]]>
              </value>
            </param>
          </params>
          <reporter-output>
          </reporter-output>
        </test-method> <!-- MethodStartup -->
        <test-method signature="TS001_TC002()[pri:0, instance:com.qa.testcases.TS001@77888435]" started-at="2025-02-16T10:22:08 IST" name="TS001_TC002" description="Verify presence of valid placeholder under &quot;Password&quot; label / Textbox.Minimum length of this field must be equal or greater than 8 symbols. Leading and trailing spaces will be ignored.&quot;" finished-at="2025-02-16T10:22:10 IST" duration-ms="1441" status="PASS">
          <reporter-output>
          </reporter-output>
        </test-method> <!-- TS001_TC002 -->
        <test-method is-config="true" signature="MethodClosure(org.testng.ITestResult)[pri:0, instance:com.qa.testcases.TS001@77888435]" started-at="2025-02-16T10:22:10 IST" name="MethodClosure" finished-at="2025-02-16T10:22:10 IST" duration-ms="1" status="PASS">
          <params>
            <param index="0">
              <value>
                <![CDATA[[TestResult name=TS001_TC002 status=SUCCESS method=TS001.TS001_TC002()[pri:0, instance:com.qa.testcases.TS001@77888435] output={null}]]]>
              </value>
            </param>
          </params>
          <reporter-output>
          </reporter-output>
        </test-method> <!-- MethodClosure -->
        <test-method signature="TS001_TC003()[pri:3, instance:com.qa.testcases.TS001@77888435]" started-at="2025-02-16T10:22:10 IST" name="TS001_TC003" description="Verify that system generates a validation message when clicking on submit button without filling all the mandatory fields." finished-at="2025-02-16T10:22:11 IST" duration-ms="1426" status="PASS">
          <reporter-output>
          </reporter-output>
        </test-method> <!-- TS001_TC003 -->
        <test-method is-config="true" signature="MethodStartup(java.lang.reflect.Method,org.testng.ITestContext)[pri:0, instance:com.qa.testcases.TS001@77888435]" started-at="2025-02-16T10:22:10 IST" name="MethodStartup" finished-at="2025-02-16T10:22:10 IST" duration-ms="0" status="PASS">
          <params>
            <param index="0">
              <value>
                <![CDATA[public void com.qa.testcases.TS001.TS001_TC003()]]>
              </value>
            </param>
            <param index="1">
              <value>
                <![CDATA[org.testng.TestRunner@6629ad09]]>
              </value>
            </param>
          </params>
          <reporter-output>
          </reporter-output>
        </test-method> <!-- MethodStartup -->
        <test-method is-config="true" signature="MethodClosure(org.testng.ITestResult)[pri:0, instance:com.qa.testcases.TS001@77888435]" started-at="2025-02-16T10:22:11 IST" name="MethodClosure" finished-at="2025-02-16T10:22:11 IST" duration-ms="0" status="PASS">
          <params>
            <param index="0">
              <value>
                <![CDATA[[TestResult name=TS001_TC003 status=SUCCESS method=TS001.TS001_TC003()[pri:3, instance:com.qa.testcases.TS001@77888435] output={null}]]]>
              </value>
            </param>
          </params>
          <reporter-output>
          </reporter-output>
        </test-method> <!-- MethodClosure -->
        <test-method is-config="true" signature="MethodStartup(java.lang.reflect.Method,org.testng.ITestContext)[pri:0, instance:com.qa.testcases.TS001@77888435]" started-at="2025-02-16T10:22:11 IST" name="MethodStartup" finished-at="2025-02-16T10:22:11 IST" duration-ms="0" status="PASS">
          <params>
            <param index="0">
              <value>
                <![CDATA[public void com.qa.testcases.TS001.TS001_TC004()]]>
              </value>
            </param>
            <param index="1">
              <value>
                <![CDATA[org.testng.TestRunner@6629ad09]]>
              </value>
            </param>
          </params>
          <reporter-output>
          </reporter-output>
        </test-method> <!-- MethodStartup -->
        <test-method signature="TS001_TC004()[pri:4, instance:com.qa.testcases.TS001@77888435]" started-at="2025-02-16T10:22:11 IST" name="TS001_TC004" description="Verify that entering blank spaces on mandatory fields lead to validation error" finished-at="2025-02-16T10:22:13 IST" duration-ms="2047" status="FAIL">
          <exception class="java.lang.AssertionError">
            <message>
              <![CDATA[The following asserts failed:
expected [This is a required field.11] but found [This is a required field.]]]>
            </message>
            <full-stacktrace>
              <![CDATA[java.lang.AssertionError: The following asserts failed:
expected [This is a required field.11] but found [This is a required field.]
at org.testng.asserts.SoftAssert.assertAll(SoftAssert.java:47)
at org.testng.asserts.SoftAssert.assertAll(SoftAssert.java:31)
at com.qa.testcases.TS001.TS001_TC004(TS001.java:145)
at java.base/jdk.internal.reflect.DirectMethodHandleAccessor.invoke(DirectMethodHandleAccessor.java:103)
at java.base/java.lang.reflect.Method.invoke(Method.java:580)
at org.testng.internal.MethodInvocationHelper.invokeMethod(MethodInvocationHelper.java:133)
at org.testng.internal.TestInvoker.invokeMethod(TestInvoker.java:598)
at org.testng.internal.TestInvoker.invokeTestMethod(TestInvoker.java:173)
at org.testng.internal.MethodRunner.runInSequence(MethodRunner.java:46)
at org.testng.internal.TestInvoker$MethodInvocationAgent.invoke(TestInvoker.java:824)
at org.testng.internal.TestInvoker.invokeTestMethods(TestInvoker.java:146)
at org.testng.internal.TestMethodWorker.invokeTestMethods(TestMethodWorker.java:146)
at org.testng.internal.TestMethodWorker.run(TestMethodWorker.java:128)
at java.base/java.util.ArrayList.forEach(ArrayList.java:1597)
at org.testng.TestRunner.privateRun(TestRunner.java:794)
at org.testng.TestRunner.run(TestRunner.java:596)
at org.testng.SuiteRunner.runTest(SuiteRunner.java:377)
at org.testng.SuiteRunner.runSequentially(SuiteRunner.java:371)
at org.testng.SuiteRunner.privateRun(SuiteRunner.java:332)
at org.testng.SuiteRunner.run(SuiteRunner.java:276)
at org.testng.SuiteRunnerWorker.runSuite(SuiteRunnerWorker.java:53)
at org.testng.SuiteRunnerWorker.run(SuiteRunnerWorker.java:96)
at org.testng.TestNG.runSuitesSequentially(TestNG.java:1212)
at org.testng.TestNG.runSuitesLocally(TestNG.java:1134)
at org.testng.TestNG.runSuites(TestNG.java:1063)
at org.testng.TestNG.run(TestNG.java:1031)
at org.testng.remote.AbstractRemoteTestNG.run(AbstractRemoteTestNG.java:115)
at org.testng.remote.RemoteTestNG.initAndRun(RemoteTestNG.java:293)
at org.testng.remote.RemoteTestNG.main(RemoteTestNG.java:91)
]]>
            </full-stacktrace>
          </exception> <!-- java.lang.AssertionError -->
          <reporter-output>
          </reporter-output>
        </test-method> <!-- TS001_TC004 -->
        <test-method is-config="true" signature="MethodClosure(org.testng.ITestResult)[pri:0, instance:com.qa.testcases.TS001@77888435]" started-at="2025-02-16T10:22:13 IST" name="MethodClosure" finished-at="2025-02-16T10:22:14 IST" duration-ms="267" status="PASS">
          <params>
            <param index="0">
              <value>
                <![CDATA[[TestResult name=TS001_TC004 status=FAILURE method=TS001.TS001_TC004()[pri:4, instance:com.qa.testcases.TS001@77888435] output={null}]]]>
              </value>
            </param>
          </params>
          <reporter-output>
          </reporter-output>
        </test-method> <!-- MethodClosure -->
        <test-method is-config="true" signature="MethodStartup(java.lang.reflect.Method,org.testng.ITestContext)[pri:0, instance:com.qa.testcases.TS001@77888435]" started-at="2025-02-16T10:22:14 IST" name="MethodStartup" finished-at="2025-02-16T10:22:14 IST" duration-ms="1" status="PASS">
          <params>
            <param index="0">
              <value>
                <![CDATA[public void com.qa.testcases.TS001.TS001_TC005()]]>
              </value>
            </param>
            <param index="1">
              <value>
                <![CDATA[org.testng.TestRunner@6629ad09]]>
              </value>
            </param>
          </params>
          <reporter-output>
          </reporter-output>
        </test-method> <!-- MethodStartup -->
        <test-method signature="TS001_TC005()[pri:5, instance:com.qa.testcases.TS001@77888435]" started-at="2025-02-16T10:22:14 IST" name="TS001_TC005" description="Verify that the password is in encrypted form when entered" finished-at="2025-02-16T10:22:15 IST" duration-ms="1141" status="PASS">
          <reporter-output>
          </reporter-output>
        </test-method> <!-- TS001_TC005 -->
        <test-method is-config="true" signature="MethodClosure(org.testng.ITestResult)[pri:0, instance:com.qa.testcases.TS001@77888435]" started-at="2025-02-16T10:22:15 IST" name="MethodClosure" finished-at="2025-02-16T10:22:15 IST" duration-ms="0" status="PASS">
          <params>
            <param index="0">
              <value>
                <![CDATA[[TestResult name=TS001_TC005 status=SUCCESS method=TS001.TS001_TC005()[pri:5, instance:com.qa.testcases.TS001@77888435] output={null}]]]>
              </value>
            </param>
          </params>
          <reporter-output>
          </reporter-output>
        </test-method> <!-- MethodClosure -->
        <test-method is-config="true" signature="teardown()[pri:0, instance:com.qa.testcases.TS001@77888435]" started-at="2025-02-16T10:22:15 IST" name="teardown" finished-at="2025-02-16T10:22:16 IST" duration-ms="783" status="PASS">
          <reporter-output>
          </reporter-output>
        </test-method> <!-- teardown -->
      </class> <!-- com.qa.testcases.TS001 -->
    </test> <!-- Test -->
  </suite> <!-- Suite -->
</testng-results>
